{'imagenet': {'url': 'http://data.lip6.fr/cadene/pretrainedmodels/inceptionresnetv2-520b38e4.pth', 'input_space': 'RGB', 'input_size': [3, 299, 299], 'input_range': [0, 1], 'mean': [0.5, 0.5, 0.5], 'std': [0.5, 0.5, 0.5], 'num_classes': 1000}, 'imagenet+background': {'url': 'http://data.lip6.fr/cadene/pretrainedmodels/inceptionresnetv2-520b38e4.pth', 'input_space': 'RGB', 'input_size': [3, 299, 299], 'input_range': [0, 1], 'mean': [0.5, 0.5, 0.5], 'std': [0.5, 0.5, 0.5], 'num_classes': 1001}}
Epoch 0/299
----------
Now lets do training
train Loss: 2.0830 Acc: 0.2330
Now lets do valing
val Loss: 1.8890 Acc: 0.3518

Epoch 1/299
----------
Now lets do training
train Loss: 1.9075 Acc: 0.3238
Now lets do valing
val Loss: 2.3491 Acc: 0.3528

Epoch 2/299
----------
Now lets do training
train Loss: 1.8359 Acc: 0.3490
Now lets do valing
val Loss: 1.6033 Acc: 0.4573

Epoch 3/299
----------
Now lets do training
train Loss: 1.7615 Acc: 0.3647
Now lets do valing
val Loss: 1.9401 Acc: 0.3518

Epoch 4/299
----------
Now lets do training
train Loss: 1.7727 Acc: 0.3775
Now lets do valing
val Loss: 1.7127 Acc: 0.4442

Epoch 5/299
----------
Now lets do training
train Loss: 1.6950 Acc: 0.3952
Now lets do valing
val Loss: 1.5185 Acc: 0.4653

Epoch 6/299
----------
Now lets do training
train Loss: 1.6739 Acc: 0.4019
Now lets do valing
val Loss: 1.4648 Acc: 0.4864

Epoch 7/299
----------
Now lets do training
train Loss: 1.6480 Acc: 0.4190
Now lets do valing
val Loss: 1.4608 Acc: 0.4995

Epoch 8/299
----------
Now lets do training
train Loss: 1.6081 Acc: 0.4247
Now lets do valing
val Loss: 1.5819 Acc: 0.4784

Epoch 9/299
----------
Now lets do training
train Loss: 1.6115 Acc: 0.4291
Now lets do valing
val Loss: 1.3426 Acc: 0.5628

Epoch 10/299
----------
Now lets do training
train Loss: 1.5883 Acc: 0.4311
Now lets do valing
val Loss: 1.4829 Acc: 0.5427

Epoch 11/299
----------
Now lets do training
train Loss: 1.5843 Acc: 0.4328
Now lets do valing
val Loss: 1.3307 Acc: 0.5106

Epoch 12/299
----------
Now lets do training
train Loss: 1.5538 Acc: 0.4495
Now lets do valing
val Loss: 1.3989 Acc: 0.4965

Epoch 13/299
----------
Now lets do training
train Loss: 1.5367 Acc: 0.4509
Now lets do valing
val Loss: 1.4173 Acc: 0.4985

Epoch 14/299
----------
Now lets do training
train Loss: 1.5353 Acc: 0.4566
Now lets do valing
val Loss: 1.3713 Acc: 0.5427

Epoch 15/299
----------
Now lets do training
train Loss: 1.5132 Acc: 0.4552
Now lets do valing
val Loss: 1.3943 Acc: 0.5035

Epoch 16/299
----------
Now lets do training
train Loss: 1.5383 Acc: 0.4512
Now lets do valing
val Loss: 1.3799 Acc: 0.5196

Epoch 17/299
----------
Now lets do training
train Loss: 1.5156 Acc: 0.4646
Now lets do valing
val Loss: 1.5707 Acc: 0.4643

Epoch 18/299
----------
Now lets do training
train Loss: 1.5227 Acc: 0.4609
Now lets do valing
val Loss: 1.2944 Acc: 0.5548

Epoch 19/299
----------
Now lets do training
train Loss: 1.5264 Acc: 0.4579
Now lets do valing
val Loss: 1.3470 Acc: 0.5286

Epoch 20/299
----------
Now lets do training
train Loss: 1.4895 Acc: 0.4589
Now lets do valing
val Loss: 1.3665 Acc: 0.4965

Epoch 21/299
----------
Now lets do training
train Loss: 1.4927 Acc: 0.4680
Now lets do valing
val Loss: 1.2501 Acc: 0.5528

Epoch 22/299
----------
Now lets do training
train Loss: 1.4816 Acc: 0.4620
Now lets do valing
val Loss: 1.4090 Acc: 0.5226

Epoch 23/299
----------
Now lets do training
train Loss: 1.4528 Acc: 0.4733
Now lets do valing
val Loss: 1.3860 Acc: 0.5226

Epoch 24/299
----------
Now lets do training
train Loss: 1.4535 Acc: 0.4824
Now lets do valing
val Loss: 1.2637 Acc: 0.5628

Epoch 25/299
----------
Now lets do training
train Loss: 1.4730 Acc: 0.4673
Now lets do valing
val Loss: 1.2326 Acc: 0.5698

Epoch 26/299
----------
Now lets do training
train Loss: 1.4561 Acc: 0.4744
Now lets do valing
val Loss: 1.3626 Acc: 0.5457

Epoch 27/299
----------
Now lets do training
train Loss: 1.4515 Acc: 0.4908
Now lets do valing
val Loss: 1.2972 Acc: 0.5256

Epoch 28/299
----------
Now lets do training
train Loss: 1.4610 Acc: 0.4827
Now lets do valing
val Loss: 1.2499 Acc: 0.5638

Epoch 29/299
----------
Now lets do training
train Loss: 1.4352 Acc: 0.4851
Now lets do valing
val Loss: 1.6119 Acc: 0.4673

Epoch 30/299
----------
Now lets do training
train Loss: 1.4593 Acc: 0.4868
Now lets do valing
val Loss: 1.5335 Acc: 0.5075

Epoch 31/299
----------
Now lets do training
train Loss: 1.4373 Acc: 0.4787
Now lets do valing
val Loss: 1.1847 Acc: 0.5920

Epoch 32/299
----------
Now lets do training
train Loss: 1.4236 Acc: 0.4931
Now lets do valing
val Loss: 1.2853 Acc: 0.5568

Epoch 33/299
----------
Now lets do training
train Loss: 1.4492 Acc: 0.4697
Now lets do valing
val Loss: 1.2366 Acc: 0.5719

Epoch 34/299
----------
Now lets do training
train Loss: 1.4234 Acc: 0.4931
Now lets do valing
val Loss: 1.2885 Acc: 0.5417

Epoch 35/299
----------
Now lets do training
train Loss: 1.4187 Acc: 0.4951
Now lets do valing
val Loss: 1.1754 Acc: 0.5829

Epoch 36/299
----------
Now lets do training
train Loss: 1.4268 Acc: 0.4955
Now lets do valing
val Loss: 1.2182 Acc: 0.5638

Epoch 37/299
----------
Now lets do training
train Loss: 1.4420 Acc: 0.4814
Now lets do valing
val Loss: 1.2836 Acc: 0.5578

Epoch 38/299
----------
Now lets do training
train Loss: 1.4081 Acc: 0.5028
Now lets do valing
val Loss: 1.1400 Acc: 0.6020

Epoch 39/299
----------
Now lets do training
train Loss: 1.4209 Acc: 0.4975
Now lets do valing
val Loss: 1.2235 Acc: 0.5869

Epoch 40/299
----------
Now lets do training
train Loss: 1.4179 Acc: 0.4868
Now lets do valing
val Loss: 1.2870 Acc: 0.5518

Epoch 41/299
----------
Now lets do training
train Loss: 1.4109 Acc: 0.5055
Now lets do valing
val Loss: 1.1524 Acc: 0.6070

Epoch 42/299
----------
Now lets do training
train Loss: 1.4062 Acc: 0.5015
Now lets do valing
val Loss: 1.1687 Acc: 0.5899

Epoch 43/299
----------
Now lets do training
train Loss: 1.4178 Acc: 0.4945
Now lets do valing
val Loss: 1.2015 Acc: 0.5839

Epoch 44/299
----------
Now lets do training
train Loss: 1.4154 Acc: 0.4888
Now lets do valing
val Loss: 1.1822 Acc: 0.5779

Epoch 45/299
----------
Now lets do training
train Loss: 1.4098 Acc: 0.5042
Now lets do valing
val Loss: 1.1959 Acc: 0.5869

Epoch 46/299
----------
Now lets do training
train Loss: 1.3898 Acc: 0.5025
Now lets do valing
val Loss: 1.1765 Acc: 0.6040

Epoch 47/299
----------
Now lets do training
train Loss: 1.4090 Acc: 0.4972
Now lets do valing
val Loss: 1.2610 Acc: 0.5548

Epoch 48/299
----------
Now lets do training
train Loss: 1.4004 Acc: 0.5005
Now lets do valing
val Loss: 1.1787 Acc: 0.5930

Epoch 49/299
----------
Now lets do training
train Loss: 1.3988 Acc: 0.4988
Now lets do valing
val Loss: 1.2215 Acc: 0.5819

Epoch 50/299
----------
Now lets do training
train Loss: 1.4009 Acc: 0.4941
Now lets do valing
val Loss: 1.1575 Acc: 0.5970

Epoch 51/299
----------
Now lets do training
train Loss: 1.3906 Acc: 0.5005
Now lets do valing
val Loss: 1.1669 Acc: 0.6000

Epoch 52/299
----------
Now lets do training
train Loss: 1.3963 Acc: 0.4951
Now lets do valing
val Loss: 1.2545 Acc: 0.5598

Epoch 53/299
----------
Now lets do training
train Loss: 1.3991 Acc: 0.4938
Now lets do valing
val Loss: 1.2045 Acc: 0.5769

Epoch 54/299
----------
Now lets do training
train Loss: 1.3739 Acc: 0.5199
Now lets do valing
val Loss: 1.2950 Acc: 0.5518

Epoch 55/299
----------
Now lets do training
train Loss: 1.3854 Acc: 0.5119
Now lets do valing
val Loss: 1.3088 Acc: 0.5578

Epoch 56/299
----------
Now lets do training
train Loss: 1.3861 Acc: 0.5002
Now lets do valing
val Loss: 1.2185 Acc: 0.5618

Epoch 57/299
----------
Now lets do training
train Loss: 1.3978 Acc: 0.5002
Now lets do valing
val Loss: 1.2017 Acc: 0.5688

Epoch 58/299
----------
Now lets do training
train Loss: 1.3760 Acc: 0.5122
Now lets do valing
val Loss: 1.1409 Acc: 0.6070

Epoch 59/299
----------
Now lets do training
train Loss: 1.3984 Acc: 0.5065
Now lets do valing
val Loss: 1.1773 Acc: 0.5628

Epoch 60/299
----------
Now lets do training
train Loss: 1.3059 Acc: 0.5377
Now lets do valing
val Loss: 1.0521 Acc: 0.6291

Epoch 61/299
----------
Now lets do training
train Loss: 1.2652 Acc: 0.5541
Now lets do valing
val Loss: 1.0561 Acc: 0.6312

Epoch 62/299
----------
Now lets do training
train Loss: 1.2647 Acc: 0.5427
Now lets do valing
val Loss: 1.0547 Acc: 0.6211

Epoch 63/299
----------
Now lets do training
train Loss: 1.2720 Acc: 0.5421
Now lets do valing
val Loss: 1.0411 Acc: 0.6362

Epoch 64/299
----------
Now lets do training
train Loss: 1.2588 Acc: 0.5518
Now lets do valing
val Loss: 1.0486 Acc: 0.6352

Epoch 65/299
----------
Now lets do training
train Loss: 1.2616 Acc: 0.5464
Now lets do valing
val Loss: 1.0570 Acc: 0.6312

Epoch 66/299
----------
Now lets do training
train Loss: 1.2301 Acc: 0.5615
Now lets do valing
val Loss: 1.0495 Acc: 0.6392

Epoch 67/299
----------
Now lets do training
train Loss: 1.2411 Acc: 0.5505
Now lets do valing
val Loss: 1.0248 Acc: 0.6472

Epoch 68/299
----------
Now lets do training
train Loss: 1.2297 Acc: 0.5538
Now lets do valing
val Loss: 1.0225 Acc: 0.6432

Epoch 69/299
----------
Now lets do training
train Loss: 1.2187 Acc: 0.5585
Now lets do valing
val Loss: 1.0264 Acc: 0.6422

Epoch 70/299
----------
Now lets do training
train Loss: 1.2480 Acc: 0.5494
Now lets do valing
val Loss: 1.0188 Acc: 0.6362

Epoch 71/299
----------
Now lets do training
train Loss: 1.2012 Acc: 0.5796
Now lets do valing
val Loss: 1.0032 Acc: 0.6352

Epoch 72/299
----------
Now lets do training
train Loss: 1.2223 Acc: 0.5672
Now lets do valing
val Loss: 1.0272 Acc: 0.6342

Epoch 73/299
----------
Now lets do training
train Loss: 1.2424 Acc: 0.5525
Now lets do valing
val Loss: 1.0242 Acc: 0.6342

Epoch 74/299
----------
Now lets do training
train Loss: 1.1938 Acc: 0.5689
Now lets do valing
val Loss: 1.0295 Acc: 0.6302

Epoch 75/299
----------
Now lets do training
train Loss: 1.2120 Acc: 0.5743
Now lets do valing
val Loss: 1.0134 Acc: 0.6492

Epoch 76/299
----------
Now lets do training
train Loss: 1.2089 Acc: 0.5629
Now lets do valing
val Loss: 1.0149 Acc: 0.6312

Epoch 77/299
----------
Now lets do training
train Loss: 1.1993 Acc: 0.5756
Now lets do valing
val Loss: 1.0050 Acc: 0.6462

Epoch 78/299
----------
Now lets do training
train Loss: 1.1833 Acc: 0.5722
Now lets do valing
val Loss: 1.0161 Acc: 0.6422

Epoch 79/299
----------
Now lets do training
train Loss: 1.2035 Acc: 0.5675
Now lets do valing
val Loss: 1.0026 Acc: 0.6503

Epoch 80/299
----------
Now lets do training
train Loss: 1.1903 Acc: 0.5800
Now lets do valing
val Loss: 1.0181 Acc: 0.6432

Epoch 81/299
----------
Now lets do training
train Loss: 1.2523 Acc: 0.5508
Now lets do valing
val Loss: 1.0270 Acc: 0.6302

Epoch 82/299
----------
Now lets do training
train Loss: 1.2195 Acc: 0.5702
Now lets do valing
val Loss: 0.9844 Acc: 0.6563

Epoch 83/299
----------
Now lets do training
train Loss: 1.2073 Acc: 0.5816
Now lets do valing
val Loss: 0.9992 Acc: 0.6472

Epoch 84/299
----------
Now lets do training
train Loss: 1.1915 Acc: 0.5716
Now lets do valing
val Loss: 0.9999 Acc: 0.6492

Epoch 85/299
----------
Now lets do training
train Loss: 1.1834 Acc: 0.5820
Now lets do valing
val Loss: 0.9898 Acc: 0.6513

Epoch 86/299
----------
Now lets do training
train Loss: 1.2114 Acc: 0.5655
Now lets do valing
val Loss: 0.9952 Acc: 0.6442

Epoch 87/299
----------
Now lets do training
train Loss: 1.1986 Acc: 0.5692
Now lets do valing
val Loss: 0.9894 Acc: 0.6563

Epoch 88/299
----------
Now lets do training
train Loss: 1.1917 Acc: 0.5702
Now lets do valing
val Loss: 0.9676 Acc: 0.6704

Epoch 89/299
----------
Now lets do training
train Loss: 1.1803 Acc: 0.5867
Now lets do valing
val Loss: 0.9681 Acc: 0.6573

Epoch 90/299
----------
Now lets do training
train Loss: 1.1891 Acc: 0.5753
Now lets do valing
val Loss: 0.9660 Acc: 0.6513

Epoch 91/299
----------
Now lets do training
train Loss: 1.1914 Acc: 0.5813
Now lets do valing
val Loss: 1.0094 Acc: 0.6472

Epoch 92/299
----------
Now lets do training
train Loss: 1.1807 Acc: 0.5826
Now lets do valing
val Loss: 0.9615 Acc: 0.6653

Epoch 93/299
----------
Now lets do training
train Loss: 1.1954 Acc: 0.5659
Now lets do valing
val Loss: 0.9729 Acc: 0.6633

Epoch 94/299
----------
Now lets do training
train Loss: 1.1755 Acc: 0.5883
Now lets do valing
val Loss: 0.9774 Acc: 0.6603

Epoch 95/299
----------
Now lets do training
train Loss: 1.1434 Acc: 0.5940
Now lets do valing
val Loss: 0.9692 Acc: 0.6693

Epoch 96/299
----------
Now lets do training
train Loss: 1.1816 Acc: 0.5877
Now lets do valing
val Loss: 0.9527 Acc: 0.6663

Epoch 97/299
----------
Now lets do training
train Loss: 1.1773 Acc: 0.5605
Now lets do valing
val Loss: 0.9506 Acc: 0.6704

Epoch 98/299
----------
Now lets do training
train Loss: 1.1487 Acc: 0.5914
Now lets do valing
val Loss: 0.9591 Acc: 0.6633

Epoch 99/299
----------
Now lets do training
train Loss: 1.1756 Acc: 0.5810
Now lets do valing
val Loss: 0.9699 Acc: 0.6714

Epoch 100/299
----------
Now lets do training
train Loss: 1.1745 Acc: 0.5706
Now lets do valing
val Loss: 0.9635 Acc: 0.6643

Epoch 101/299
----------
Now lets do training
train Loss: 1.1639 Acc: 0.5940
Now lets do valing
val Loss: 0.9845 Acc: 0.6603

Epoch 102/299
----------
Now lets do training
train Loss: 1.1559 Acc: 0.5934
Now lets do valing
val Loss: 0.9617 Acc: 0.6673

Epoch 103/299
----------
Now lets do training
train Loss: 1.1768 Acc: 0.5810
Now lets do valing
val Loss: 0.9509 Acc: 0.6583

Epoch 104/299
----------
Now lets do training
train Loss: 1.1864 Acc: 0.5669
Now lets do valing
val Loss: 0.9543 Acc: 0.6573

Epoch 105/299
----------
Now lets do training
train Loss: 1.1727 Acc: 0.5857
Now lets do valing
val Loss: 0.9413 Acc: 0.6663

Epoch 106/299
----------
Now lets do training
train Loss: 1.1486 Acc: 0.5843
Now lets do valing
val Loss: 0.9594 Acc: 0.6704

Epoch 107/299
----------
Now lets do training
train Loss: 1.1885 Acc: 0.5739
Now lets do valing
val Loss: 0.9668 Acc: 0.6563

Epoch 108/299
----------
Now lets do training
train Loss: 1.1491 Acc: 0.5857
Now lets do valing
val Loss: 0.9376 Acc: 0.6864

Epoch 109/299
----------
Now lets do training
train Loss: 1.1606 Acc: 0.5873
Now lets do valing
val Loss: 0.9485 Acc: 0.6814

Epoch 110/299
----------
Now lets do training
train Loss: 1.1510 Acc: 0.5846
Now lets do valing
val Loss: 0.9414 Acc: 0.6653

Epoch 111/299
----------
Now lets do training
train Loss: 1.1401 Acc: 0.5974
Now lets do valing
val Loss: 0.9459 Acc: 0.6794

Epoch 112/299
----------
Now lets do training
train Loss: 1.1366 Acc: 0.6017
Now lets do valing
val Loss: 0.9401 Acc: 0.6673

Epoch 113/299
----------
Now lets do training
train Loss: 1.1410 Acc: 0.5917
Now lets do valing
val Loss: 0.9436 Acc: 0.6734

Epoch 114/299
----------
Now lets do training
train Loss: 1.1355 Acc: 0.5957
Now lets do valing
val Loss: 0.9411 Acc: 0.6764

Epoch 115/299
----------
Now lets do training
train Loss: 1.1663 Acc: 0.5897
Now lets do valing
val Loss: 0.9365 Acc: 0.6744

Epoch 116/299
----------
Now lets do training
train Loss: 1.1577 Acc: 0.5873
Now lets do valing
val Loss: 0.9588 Acc: 0.6583

Epoch 117/299
----------
Now lets do training
train Loss: 1.1501 Acc: 0.5863
Now lets do valing
val Loss: 0.9277 Acc: 0.6774

Epoch 118/299
----------
Now lets do training
train Loss: 1.1352 Acc: 0.5944
Now lets do valing
val Loss: 0.9327 Acc: 0.6744

Epoch 119/299
----------
Now lets do training
train Loss: 1.1423 Acc: 0.5947
Now lets do valing
val Loss: 0.9249 Acc: 0.6824

Epoch 120/299
----------
Now lets do training
train Loss: 1.1172 Acc: 0.6108
Now lets do valing
val Loss: 0.9259 Acc: 0.6804

Epoch 121/299
----------
Now lets do training
train Loss: 1.1275 Acc: 0.6044
Now lets do valing
val Loss: 0.9262 Acc: 0.6754

Epoch 122/299
----------
Now lets do training
train Loss: 1.1307 Acc: 0.5991
Now lets do valing
val Loss: 0.9279 Acc: 0.6714

Epoch 123/299
----------
Now lets do training
train Loss: 1.1498 Acc: 0.6011
Now lets do valing
val Loss: 0.9332 Acc: 0.6784

Epoch 124/299
----------
Now lets do training
train Loss: 1.1287 Acc: 0.5984
Now lets do valing
val Loss: 0.9202 Acc: 0.6754

Epoch 125/299
----------
Now lets do training
train Loss: 1.1263 Acc: 0.5977
Now lets do valing
val Loss: 0.9239 Acc: 0.6734

Epoch 126/299
----------
Now lets do training
train Loss: 1.1109 Acc: 0.6001
Now lets do valing
val Loss: 0.9202 Acc: 0.6784

Epoch 127/299
----------
Now lets do training
train Loss: 1.1187 Acc: 0.5964
Now lets do valing
val Loss: 0.9156 Acc: 0.6764

Epoch 128/299
----------
Now lets do training
train Loss: 1.1267 Acc: 0.5957
Now lets do valing
val Loss: 0.9138 Acc: 0.6784

Epoch 129/299
----------
Now lets do training
train Loss: 1.1173 Acc: 0.6027
Now lets do valing
val Loss: 0.9125 Acc: 0.6804

Epoch 130/299
----------
Now lets do training
train Loss: 1.1293 Acc: 0.5910
Now lets do valing
val Loss: 0.9354 Acc: 0.6704

Epoch 131/299
----------
Now lets do training
train Loss: 1.1112 Acc: 0.6017
Now lets do valing
val Loss: 0.9303 Acc: 0.6784

Epoch 132/299
----------
Now lets do training
train Loss: 1.1470 Acc: 0.5900
Now lets do valing
val Loss: 0.9222 Acc: 0.6724

Epoch 133/299
----------
Now lets do training
train Loss: 1.1076 Acc: 0.6131
Now lets do valing
val Loss: 0.9143 Acc: 0.6784

Epoch 134/299
----------
Now lets do training
train Loss: 1.1350 Acc: 0.5940
Now lets do valing
val Loss: 0.9175 Acc: 0.6784

Epoch 135/299
----------
Now lets do training
train Loss: 1.0711 Acc: 0.6185
Now lets do valing
val Loss: 0.9138 Acc: 0.6764

Epoch 136/299
----------
Now lets do training
train Loss: 1.1075 Acc: 0.6038
Now lets do valing
val Loss: 0.9129 Acc: 0.6814

Epoch 137/299
----------
Now lets do training
train Loss: 1.1205 Acc: 0.6031
Now lets do valing
val Loss: 0.9113 Acc: 0.6844

Epoch 138/299
----------
Now lets do training
train Loss: 1.1291 Acc: 0.6048
Now lets do valing
val Loss: 0.9152 Acc: 0.6794

Epoch 139/299
----------
Now lets do training
train Loss: 1.1366 Acc: 0.5970
Now lets do valing
val Loss: 0.9214 Acc: 0.6744

Epoch 140/299
----------
Now lets do training
train Loss: 1.1174 Acc: 0.6078
Now lets do valing
val Loss: 0.9131 Acc: 0.6794

Epoch 141/299
----------
Now lets do training
train Loss: 1.1353 Acc: 0.6021
Now lets do valing
val Loss: 0.9160 Acc: 0.6905

Epoch 142/299
----------
Now lets do training
train Loss: 1.0986 Acc: 0.6292
Now lets do valing
val Loss: 0.9097 Acc: 0.6754

Epoch 143/299
----------
Now lets do training
train Loss: 1.1167 Acc: 0.6152
Now lets do valing
val Loss: 0.9162 Acc: 0.6784

Epoch 144/299
----------
Now lets do training
train Loss: 1.1233 Acc: 0.6064
Now lets do valing
val Loss: 0.9145 Acc: 0.6874

Epoch 145/299
----------
Now lets do training
train Loss: 1.1321 Acc: 0.5930
Now lets do valing
val Loss: 0.9120 Acc: 0.6844

Epoch 146/299
----------
Now lets do training
train Loss: 1.1126 Acc: 0.6064
Now lets do valing
val Loss: 0.9058 Acc: 0.6874

Epoch 147/299
----------
Now lets do training
train Loss: 1.1254 Acc: 0.5994
Now lets do valing
val Loss: 0.9115 Acc: 0.6874

Epoch 148/299
----------
Now lets do training
train Loss: 1.1126 Acc: 0.6034
Now lets do valing
val Loss: 0.9081 Acc: 0.6854

Epoch 149/299
----------
Now lets do training
train Loss: 1.1179 Acc: 0.6017
Now lets do valing
val Loss: 0.9126 Acc: 0.6804

Epoch 150/299
----------
Now lets do training
train Loss: 1.1412 Acc: 0.5960
Now lets do valing
val Loss: 0.9023 Acc: 0.6804

Epoch 151/299
----------
Now lets do training
train Loss: 1.1190 Acc: 0.6058
Now lets do valing
val Loss: 0.8996 Acc: 0.6824

Epoch 152/299
----------
Now lets do training
train Loss: 1.1280 Acc: 0.5987
Now lets do valing
val Loss: 0.9127 Acc: 0.6794

Epoch 153/299
----------
Now lets do training
train Loss: 1.1090 Acc: 0.6058
Now lets do valing
val Loss: 0.9124 Acc: 0.6804

Epoch 154/299
----------
Now lets do training
train Loss: 1.1316 Acc: 0.5997
Now lets do valing
val Loss: 0.9084 Acc: 0.6764

Epoch 155/299
----------
Now lets do training
train Loss: 1.1130 Acc: 0.6111
Now lets do valing
val Loss: 0.9157 Acc: 0.6834

Epoch 156/299
----------
Now lets do training
train Loss: 1.1066 Acc: 0.6098
Now lets do valing
val Loss: 0.9207 Acc: 0.6764

Epoch 157/299
----------
Now lets do training
train Loss: 1.1237 Acc: 0.5920
Now lets do valing
val Loss: 0.9285 Acc: 0.6804

Epoch 158/299
----------
Now lets do training
train Loss: 1.0935 Acc: 0.6182
Now lets do valing
val Loss: 0.9159 Acc: 0.6724

Epoch 159/299
----------
Now lets do training
train Loss: 1.1047 Acc: 0.6105
Now lets do valing
val Loss: 0.9109 Acc: 0.6784

Epoch 160/299
----------
Now lets do training
train Loss: 1.1355 Acc: 0.5893
Now lets do valing
val Loss: 0.9150 Acc: 0.6804

Epoch 161/299
----------
Now lets do training
train Loss: 1.1204 Acc: 0.6007
Now lets do valing
val Loss: 0.9086 Acc: 0.6804

Epoch 162/299
----------
Now lets do training
train Loss: 1.1120 Acc: 0.6048
Now lets do valing
val Loss: 0.9197 Acc: 0.6874

Epoch 163/299
----------
Now lets do training
train Loss: 1.1172 Acc: 0.5970
Now lets do valing
val Loss: 0.9195 Acc: 0.6784

Epoch 164/299
----------
Now lets do training
train Loss: 1.1247 Acc: 0.6044
Now lets do valing
val Loss: 0.9214 Acc: 0.6774

Epoch 165/299
----------
Now lets do training
train Loss: 1.1258 Acc: 0.5987
Now lets do valing
val Loss: 0.9174 Acc: 0.6794

Epoch 166/299
----------
Now lets do training
train Loss: 1.0902 Acc: 0.6118
Now lets do valing
val Loss: 0.9144 Acc: 0.6834

Epoch 167/299
----------
Now lets do training
train Loss: 1.1096 Acc: 0.6061
Now lets do valing
val Loss: 0.9136 Acc: 0.6804

Epoch 168/299
----------
Now lets do training
train Loss: 1.1322 Acc: 0.5873
Now lets do valing
val Loss: 0.9171 Acc: 0.6784

Epoch 169/299
----------
Now lets do training
train Loss: 1.1191 Acc: 0.5957
Now lets do valing
val Loss: 0.9209 Acc: 0.6764

Epoch 170/299
----------
Now lets do training
train Loss: 1.1177 Acc: 0.5947
Now lets do valing
val Loss: 0.9147 Acc: 0.6915

Epoch 171/299
----------
Now lets do training
train Loss: 1.1127 Acc: 0.5954
Now lets do valing
val Loss: 0.9173 Acc: 0.6734

Epoch 172/299
----------
Now lets do training
train Loss: 1.1225 Acc: 0.5950
Now lets do valing
val Loss: 0.9064 Acc: 0.6864

Epoch 173/299
----------
Now lets do training
train Loss: 1.1148 Acc: 0.6078
Now lets do valing
val Loss: 0.9101 Acc: 0.6894

Epoch 174/299
----------
Now lets do training
train Loss: 1.0853 Acc: 0.6118
Now lets do valing
val Loss: 0.9010 Acc: 0.6874

Epoch 175/299
----------
Now lets do training
train Loss: 1.0848 Acc: 0.6131
Now lets do valing
val Loss: 0.9017 Acc: 0.6864

Epoch 176/299
----------
Now lets do training
train Loss: 1.0970 Acc: 0.6111
Now lets do valing
val Loss: 0.9084 Acc: 0.6884

Epoch 177/299
----------
Now lets do training
train Loss: 1.0987 Acc: 0.6168
Now lets do valing
val Loss: 0.9042 Acc: 0.6774

Epoch 178/299
----------
Now lets do training
train Loss: 1.1123 Acc: 0.6064
Now lets do valing
val Loss: 0.9098 Acc: 0.6854

Epoch 179/299
----------
Now lets do training
train Loss: 1.0890 Acc: 0.6168
Now lets do valing
val Loss: 0.9015 Acc: 0.6834

Epoch 180/299
----------
Now lets do training
train Loss: 1.1186 Acc: 0.6054
Now lets do valing
val Loss: 0.9140 Acc: 0.6804

Epoch 181/299
----------
Now lets do training
train Loss: 1.1309 Acc: 0.6051
Now lets do valing
val Loss: 0.9156 Acc: 0.6774

Epoch 182/299
----------
Now lets do training
train Loss: 1.1129 Acc: 0.6048
Now lets do valing
val Loss: 0.9026 Acc: 0.6834

Epoch 183/299
----------
Now lets do training
train Loss: 1.1096 Acc: 0.6051
Now lets do valing
val Loss: 0.9045 Acc: 0.6834

Epoch 184/299
----------
Now lets do training
train Loss: 1.1050 Acc: 0.6118
Now lets do valing
val Loss: 0.9067 Acc: 0.6834

Epoch 185/299
----------
Now lets do training
train Loss: 1.1142 Acc: 0.5987
Now lets do valing
val Loss: 0.9084 Acc: 0.6784

Epoch 186/299
----------
Now lets do training
train Loss: 1.1300 Acc: 0.5937
Now lets do valing
val Loss: 0.8990 Acc: 0.6844

Epoch 187/299
----------
Now lets do training
train Loss: 1.0823 Acc: 0.6219
Now lets do valing
val Loss: 0.9044 Acc: 0.6854

Epoch 188/299
----------
Now lets do training
train Loss: 1.1023 Acc: 0.6061
Now lets do valing
val Loss: 0.9071 Acc: 0.6884

Epoch 189/299
----------
Now lets do training
train Loss: 1.1049 Acc: 0.6175
Now lets do valing
val Loss: 0.9149 Acc: 0.6824

Epoch 190/299
----------
Now lets do training
train Loss: 1.0991 Acc: 0.6078
Now lets do valing
val Loss: 0.9077 Acc: 0.6905

Epoch 191/299
----------
Now lets do training
train Loss: 1.0899 Acc: 0.6192
Now lets do valing
val Loss: 0.9014 Acc: 0.6874

Epoch 192/299
----------
Now lets do training
train Loss: 1.1114 Acc: 0.5997
Now lets do valing
val Loss: 0.9165 Acc: 0.6794

Epoch 193/299
----------
Now lets do training
train Loss: 1.0996 Acc: 0.6125
Now lets do valing
val Loss: 0.9131 Acc: 0.6854

Epoch 194/299
----------
Now lets do training
train Loss: 1.1001 Acc: 0.6095
Now lets do valing
val Loss: 0.9012 Acc: 0.6784

Epoch 195/299
----------
Now lets do training
train Loss: 1.1081 Acc: 0.6209
Now lets do valing
val Loss: 0.8943 Acc: 0.6864

Epoch 196/299
----------
Now lets do training
train Loss: 1.1209 Acc: 0.6061
Now lets do valing
val Loss: 0.9057 Acc: 0.6854

Epoch 197/299
----------
Now lets do training
train Loss: 1.1083 Acc: 0.6081
Now lets do valing
val Loss: 0.9080 Acc: 0.6844

Epoch 198/299
----------
Now lets do training
train Loss: 1.0830 Acc: 0.6202
Now lets do valing
val Loss: 0.8922 Acc: 0.6844

Epoch 199/299
----------
Now lets do training
train Loss: 1.1159 Acc: 0.6027
Now lets do valing
val Loss: 0.9059 Acc: 0.6804

Epoch 200/299
----------
Now lets do training
train Loss: 1.1162 Acc: 0.5984
Now lets do valing
val Loss: 0.9097 Acc: 0.6844

Epoch 201/299
----------
Now lets do training
train Loss: 1.1037 Acc: 0.6058
Now lets do valing
val Loss: 0.9073 Acc: 0.6814

Epoch 202/299
----------
Now lets do training
train Loss: 1.1239 Acc: 0.6001
Now lets do valing
val Loss: 0.9051 Acc: 0.6774

Epoch 203/299
----------
Now lets do training
train Loss: 1.1257 Acc: 0.5984
Now lets do valing
val Loss: 0.9002 Acc: 0.6915

Epoch 204/299
----------
Now lets do training
train Loss: 1.0922 Acc: 0.6121
Now lets do valing
val Loss: 0.9144 Acc: 0.6774

Epoch 205/299
----------
Now lets do training
train Loss: 1.1037 Acc: 0.6061
Now lets do valing
val Loss: 0.9044 Acc: 0.6834

Epoch 206/299
----------
Now lets do training
train Loss: 1.1005 Acc: 0.6128
Now lets do valing
val Loss: 0.9060 Acc: 0.6834

Epoch 207/299
----------
Now lets do training
train Loss: 1.1065 Acc: 0.6091
Now lets do valing
val Loss: 0.8990 Acc: 0.6864

Epoch 208/299
----------
Now lets do training
train Loss: 1.1132 Acc: 0.5987
Now lets do valing
val Loss: 0.9120 Acc: 0.6834

Epoch 209/299
----------
Now lets do training
train Loss: 1.1176 Acc: 0.6004
Now lets do valing
val Loss: 0.9141 Acc: 0.6844

Epoch 210/299
----------
Now lets do training
train Loss: 1.0865 Acc: 0.6017
Now lets do valing
val Loss: 0.9082 Acc: 0.6814

Epoch 211/299
----------
Now lets do training
train Loss: 1.1185 Acc: 0.6105
Now lets do valing
val Loss: 0.8969 Acc: 0.6935

Epoch 212/299
----------
Now lets do training
train Loss: 1.0817 Acc: 0.6192
Now lets do valing
val Loss: 0.8988 Acc: 0.6824

Epoch 213/299
----------
Now lets do training
train Loss: 1.1026 Acc: 0.6182
Now lets do valing
val Loss: 0.9198 Acc: 0.6874

Epoch 214/299
----------
Now lets do training
train Loss: 1.1046 Acc: 0.6115
Now lets do valing
val Loss: 0.8986 Acc: 0.6824

Epoch 215/299
----------
Now lets do training
train Loss: 1.1184 Acc: 0.6145
Now lets do valing
val Loss: 0.9051 Acc: 0.6864

Epoch 216/299
----------
Now lets do training
train Loss: 1.0960 Acc: 0.6074
Now lets do valing
val Loss: 0.9042 Acc: 0.6804

Epoch 217/299
----------
Now lets do training
train Loss: 1.1034 Acc: 0.6001
Now lets do valing
val Loss: 0.9020 Acc: 0.6824

Epoch 218/299
----------
Now lets do training
train Loss: 1.1089 Acc: 0.6105
Now lets do valing
val Loss: 0.9066 Acc: 0.6915

Epoch 219/299
----------
Now lets do training
train Loss: 1.0906 Acc: 0.6192
Now lets do valing
val Loss: 0.9195 Acc: 0.6814

Epoch 220/299
----------
Now lets do training
train Loss: 1.0871 Acc: 0.6188
Now lets do valing
val Loss: 0.9230 Acc: 0.6764

Epoch 221/299
----------
Now lets do training
train Loss: 1.1187 Acc: 0.6011
Now lets do valing
val Loss: 0.9088 Acc: 0.6894

Epoch 222/299
----------
Now lets do training
train Loss: 1.1073 Acc: 0.6004
Now lets do valing
val Loss: 0.9026 Acc: 0.6874

Epoch 223/299
----------
Now lets do training
train Loss: 1.1100 Acc: 0.6024
Now lets do valing
val Loss: 0.9090 Acc: 0.6734

Epoch 224/299
----------
Now lets do training
train Loss: 1.1072 Acc: 0.6058
Now lets do valing
val Loss: 0.9103 Acc: 0.6844

Epoch 225/299
----------
Now lets do training
train Loss: 1.0805 Acc: 0.6215
Now lets do valing
val Loss: 0.9114 Acc: 0.6814

Epoch 226/299
----------
Now lets do training
train Loss: 1.0926 Acc: 0.6155
Now lets do valing
val Loss: 0.9057 Acc: 0.6884

Epoch 227/299
----------
Now lets do training
train Loss: 1.1045 Acc: 0.6141
Now lets do valing
val Loss: 0.9067 Acc: 0.6854

Epoch 228/299
----------
Now lets do training
train Loss: 1.1304 Acc: 0.6014
Now lets do valing
val Loss: 0.9149 Acc: 0.6754

Epoch 229/299
----------
Now lets do training
train Loss: 1.0867 Acc: 0.6141
Now lets do valing
val Loss: 0.9031 Acc: 0.6874

Epoch 230/299
----------
Now lets do training
train Loss: 1.1062 Acc: 0.6118
Now lets do valing
val Loss: 0.9127 Acc: 0.6814

Epoch 231/299
----------
Now lets do training
train Loss: 1.1111 Acc: 0.5934
Now lets do valing
val Loss: 0.9080 Acc: 0.6724

Epoch 232/299
----------
Now lets do training
train Loss: 1.1115 Acc: 0.6128
Now lets do valing
val Loss: 0.9169 Acc: 0.6814

Epoch 233/299
----------
Now lets do training
train Loss: 1.1035 Acc: 0.6011
Now lets do valing
val Loss: 0.9061 Acc: 0.6824

Epoch 234/299
----------
Now lets do training
train Loss: 1.0974 Acc: 0.6205
Now lets do valing
val Loss: 0.8990 Acc: 0.6734

Epoch 235/299
----------
Now lets do training
train Loss: 1.1095 Acc: 0.6051
Now lets do valing
val Loss: 0.9094 Acc: 0.6824

Epoch 236/299
----------
Now lets do training
train Loss: 1.0968 Acc: 0.6121
Now lets do valing
val Loss: 0.9135 Acc: 0.6814

Epoch 237/299
----------
Now lets do training
train Loss: 1.0981 Acc: 0.6192
Now lets do valing
val Loss: 0.9034 Acc: 0.6854

Epoch 238/299
----------
Now lets do training
train Loss: 1.0854 Acc: 0.6172
Now lets do valing
val Loss: 0.9155 Acc: 0.6864

Epoch 239/299
----------
Now lets do training
train Loss: 1.0998 Acc: 0.6054
Now lets do valing
val Loss: 0.9070 Acc: 0.6784

Epoch 240/299
----------
Now lets do training
train Loss: 1.1086 Acc: 0.6011
Now lets do valing
val Loss: 0.9098 Acc: 0.6804

Epoch 241/299
----------
Now lets do training
train Loss: 1.1198 Acc: 0.6044
Now lets do valing
val Loss: 0.9035 Acc: 0.6774

Epoch 242/299
----------
Now lets do training
train Loss: 1.0925 Acc: 0.6165
Now lets do valing
val Loss: 0.9056 Acc: 0.6834

Epoch 243/299
----------
Now lets do training
train Loss: 1.0966 Acc: 0.6121
Now lets do valing
val Loss: 0.9204 Acc: 0.6784

Epoch 244/299
----------
Now lets do training
train Loss: 1.1129 Acc: 0.6071
Now lets do valing
val Loss: 0.8998 Acc: 0.6814

Epoch 245/299
----------
Now lets do training
train Loss: 1.0889 Acc: 0.6081
Now lets do valing
val Loss: 0.9041 Acc: 0.6844

Epoch 246/299
----------
Now lets do training
train Loss: 1.0886 Acc: 0.6148
Now lets do valing
val Loss: 0.9063 Acc: 0.6854

Epoch 247/299
----------
Now lets do training
train Loss: 1.1022 Acc: 0.6051
Now lets do valing
val Loss: 0.9114 Acc: 0.6774

Epoch 248/299
----------
Now lets do training
train Loss: 1.0969 Acc: 0.6111
Now lets do valing
val Loss: 0.9136 Acc: 0.6814

Epoch 249/299
----------
Now lets do training
train Loss: 1.1085 Acc: 0.6091
Now lets do valing
val Loss: 0.9156 Acc: 0.6814

Epoch 250/299
----------
Now lets do training
train Loss: 1.0715 Acc: 0.6125
Now lets do valing
val Loss: 0.9087 Acc: 0.6854

Epoch 251/299
----------
Now lets do training
train Loss: 1.0844 Acc: 0.6192
Now lets do valing
val Loss: 0.9044 Acc: 0.6874

Epoch 252/299
----------
Now lets do training
train Loss: 1.0957 Acc: 0.6105
Now lets do valing
val Loss: 0.9059 Acc: 0.6824

Epoch 253/299
----------
Now lets do training
train Loss: 1.0883 Acc: 0.6108
Now lets do valing
val Loss: 0.8997 Acc: 0.6874

Epoch 254/299
----------
Now lets do training
train Loss: 1.1078 Acc: 0.6017
Now lets do valing
val Loss: 0.9088 Acc: 0.6864

Epoch 255/299
----------
Now lets do training
train Loss: 1.0955 Acc: 0.6038
Now lets do valing
val Loss: 0.9038 Acc: 0.6774

Epoch 256/299
----------
Now lets do training
train Loss: 1.1220 Acc: 0.5991
Now lets do valing
val Loss: 0.9147 Acc: 0.6844

Epoch 257/299
----------
Now lets do training
train Loss: 1.1055 Acc: 0.6105
Now lets do valing
val Loss: 0.9033 Acc: 0.6884

Epoch 258/299
----------
Now lets do training
train Loss: 1.1148 Acc: 0.6017
Now lets do valing
val Loss: 0.9069 Acc: 0.6905

Epoch 259/299
----------
Now lets do training
train Loss: 1.1279 Acc: 0.5960
Now lets do valing
val Loss: 0.9100 Acc: 0.6754

Epoch 260/299
----------
Now lets do training
train Loss: 1.1106 Acc: 0.6098
Now lets do valing
val Loss: 0.9084 Acc: 0.6834

Epoch 261/299
----------
Now lets do training
train Loss: 1.1240 Acc: 0.6034
Now lets do valing
val Loss: 0.9086 Acc: 0.6844

Epoch 262/299
----------
Now lets do training
train Loss: 1.1068 Acc: 0.6071
Now lets do valing
val Loss: 0.9004 Acc: 0.6814

Epoch 263/299
----------
Now lets do training
train Loss: 1.1191 Acc: 0.6001
Now lets do valing
val Loss: 0.9080 Acc: 0.6804

Epoch 264/299
----------
Now lets do training
train Loss: 1.1189 Acc: 0.5991
Now lets do valing
val Loss: 0.9161 Acc: 0.6754

Epoch 265/299
----------
Now lets do training
train Loss: 1.0990 Acc: 0.6178
Now lets do valing
val Loss: 0.9019 Acc: 0.6834

Epoch 266/299
----------
Now lets do training
train Loss: 1.1131 Acc: 0.6014
Now lets do valing
val Loss: 0.9140 Acc: 0.6804

Epoch 267/299
----------
Now lets do training
train Loss: 1.1023 Acc: 0.6121
Now lets do valing
val Loss: 0.9139 Acc: 0.6884

Epoch 268/299
----------
Now lets do training
train Loss: 1.1098 Acc: 0.5977
Now lets do valing
val Loss: 0.9077 Acc: 0.6814

Epoch 269/299
----------
Now lets do training
train Loss: 1.0927 Acc: 0.6058
Now lets do valing
val Loss: 0.9000 Acc: 0.6804

Epoch 270/299
----------
Now lets do training
train Loss: 1.1086 Acc: 0.5981
Now lets do valing
val Loss: 0.9130 Acc: 0.6864

Epoch 271/299
----------
Now lets do training
train Loss: 1.1117 Acc: 0.6064
Now lets do valing
val Loss: 0.9170 Acc: 0.6734

Epoch 272/299
----------
Now lets do training
train Loss: 1.0972 Acc: 0.6101
Now lets do valing
val Loss: 0.9111 Acc: 0.6864

Epoch 273/299
----------
Now lets do training
train Loss: 1.1123 Acc: 0.6051
Now lets do valing
val Loss: 0.9129 Acc: 0.6824

Epoch 274/299
----------
Now lets do training
train Loss: 1.1149 Acc: 0.6068
Now lets do valing
val Loss: 0.9104 Acc: 0.6784

Epoch 275/299
----------
Now lets do training
train Loss: 1.1051 Acc: 0.6031
Now lets do valing
val Loss: 0.9071 Acc: 0.6774

Epoch 276/299
----------
Now lets do training
train Loss: 1.0973 Acc: 0.6162
Now lets do valing
val Loss: 0.9096 Acc: 0.6824

Epoch 277/299
----------
Now lets do training
train Loss: 1.1021 Acc: 0.6091
Now lets do valing
val Loss: 0.9109 Acc: 0.6854

Epoch 278/299
----------
Now lets do training
train Loss: 1.1035 Acc: 0.6131
Now lets do valing
val Loss: 0.9080 Acc: 0.6905

Epoch 279/299
----------
Now lets do training
train Loss: 1.1431 Acc: 0.6007
Now lets do valing
val Loss: 0.9062 Acc: 0.6874

Epoch 280/299
----------
Now lets do training
train Loss: 1.1100 Acc: 0.6121
Now lets do valing
val Loss: 0.9093 Acc: 0.6915

Epoch 281/299
----------
Now lets do training
train Loss: 1.0980 Acc: 0.6158
Now lets do valing
val Loss: 0.9101 Acc: 0.6854

Epoch 282/299
----------
Now lets do training
train Loss: 1.1240 Acc: 0.6017
Now lets do valing
val Loss: 0.9024 Acc: 0.6834

Epoch 283/299
----------
Now lets do training
train Loss: 1.0978 Acc: 0.6125
Now lets do valing
val Loss: 0.9076 Acc: 0.6854

Epoch 284/299
----------
Now lets do training
train Loss: 1.0927 Acc: 0.6121
Now lets do valing
val Loss: 0.9068 Acc: 0.6834

Epoch 285/299
----------
Now lets do training
train Loss: 1.0992 Acc: 0.6138
Now lets do valing
val Loss: 0.9056 Acc: 0.6844

Epoch 286/299
----------
Now lets do training
train Loss: 1.0791 Acc: 0.6175
Now lets do valing
val Loss: 0.9211 Acc: 0.6794

Epoch 287/299
----------
Now lets do training
train Loss: 1.0798 Acc: 0.6212
Now lets do valing
val Loss: 0.9237 Acc: 0.6774

Epoch 288/299
----------
Now lets do training
train Loss: 1.0788 Acc: 0.6155
Now lets do valing
val Loss: 0.9040 Acc: 0.6834

Epoch 289/299
----------
Now lets do training
train Loss: 1.1168 Acc: 0.6004
Now lets do valing
val Loss: 0.9040 Acc: 0.6814

Epoch 290/299
----------
Now lets do training
train Loss: 1.0890 Acc: 0.6165
Now lets do valing
val Loss: 0.9125 Acc: 0.6824

Epoch 291/299
----------
Now lets do training
train Loss: 1.0947 Acc: 0.6162
Now lets do valing
val Loss: 0.8983 Acc: 0.6884

Epoch 292/299
----------
Now lets do training
train Loss: 1.1340 Acc: 0.6014
Now lets do valing
val Loss: 0.9048 Acc: 0.6794

Epoch 293/299
----------
Now lets do training
train Loss: 1.1046 Acc: 0.6125
Now lets do valing
val Loss: 0.8993 Acc: 0.6804

Epoch 294/299
----------
Now lets do training
train Loss: 1.0889 Acc: 0.6198
Now lets do valing
val Loss: 0.9186 Acc: 0.6874

Epoch 295/299
----------
Now lets do training
train Loss: 1.0983 Acc: 0.6095
Now lets do valing
val Loss: 0.8967 Acc: 0.6905

Epoch 296/299
----------
Now lets do training
train Loss: 1.1023 Acc: 0.6041
Now lets do valing
val Loss: 0.9087 Acc: 0.6894

Epoch 297/299
----------
Now lets do training
train Loss: 1.1133 Acc: 0.5950
Now lets do valing
val Loss: 0.9232 Acc: 0.6864

Epoch 298/299
----------
Now lets do training
train Loss: 1.1230 Acc: 0.5994
Now lets do valing
val Loss: 0.9140 Acc: 0.6824

Epoch 299/299
----------
Now lets do training
train Loss: 1.0862 Acc: 0.6091
Now lets do valing
val Loss: 0.9031 Acc: 0.6804

Training complete in 492m 52s
Best val Acc: 0.693467
Error occurs, No graph saved
